<?xml version="1.0" encoding="UTF-8"?>
<testng-results ignored="0" total="1" passed="1" failed="0" skipped="0">
  <reporter-output>
  </reporter-output>
  <suite started-at="2024-07-03T10:04:48Z" name="Surefire suite" finished-at="2024-07-03T10:05:12Z" duration-ms="24824">
    <groups>
      <group name="cucumber">
        <method signature="AbstractTestNGCucumberTests.runScenario(io.cucumber.testng.PickleWrapper, io.cucumber.testng.FeatureWrapper)[pri:0, instance:runner.TestRunner@77846d2c]" name="runScenario" class="io.cucumber.testng.AbstractTestNGCucumberTests"/>
      </group> <!-- cucumber -->
    </groups>
    <test started-at="2024-07-03T10:04:48Z" name="Surefire test" finished-at="2024-07-03T10:05:12Z" duration-ms="24824">
      <class name="runner.TestRunner">
        <test-method is-config="true" signature="setUpClass(org.testng.ITestContext)[pri:0, instance:runner.TestRunner@77846d2c]" started-at="2024-07-03T10:04:48Z" name="setUpClass" finished-at="2024-07-03T10:04:49Z" duration-ms="1054" status="PASS">
          <params>
            <param index="0">
              <value>
                <![CDATA[org.testng.TestRunner@3bdb2c78]]>
              </value>
            </param>
          </params>
          <reporter-output>
          </reporter-output>
        </test-method> <!-- setUpClass -->
        <test-method signature="runScenario(io.cucumber.testng.PickleWrapper, io.cucumber.testng.FeatureWrapper)[pri:0, instance:runner.TestRunner@77846d2c]" started-at="2024-07-03T10:04:49Z" name="runScenario" description="Runs Cucumber Scenarios" data-provider="scenarios" finished-at="2024-07-03T10:05:10Z" duration-ms="21205" status="PASS">
          <params>
            <param index="0">
              <value>
                <![CDATA["Place an order"]]>
              </value>
            </param>
            <param index="1">
              <value>
                <![CDATA["Order a product in Flipkart e-commers site"]]>
              </value>
            </param>
          </params>
          <reporter-output>
          </reporter-output>
        </test-method> <!-- runScenario -->
        <test-method is-config="true" signature="tearDownClass()[pri:0, instance:runner.TestRunner@77846d2c]" started-at="2024-07-03T10:05:10Z" name="tearDownClass" finished-at="2024-07-03T10:05:12Z" duration-ms="2540" status="PASS">
          <reporter-output>
          </reporter-output>
        </test-method> <!-- tearDownClass -->
      </class> <!-- runner.TestRunner -->
    </test> <!-- Surefire test -->
  </suite> <!-- Surefire suite -->
</testng-results>
